TN:
SF:vidly.js
FN:12,(anonymous_0)
FNF:1
FNH:1
FNDA:2,(anonymous_0)
DA:1,3
DA:2,3
DA:3,3
DA:5,3
DA:6,3
DA:7,3
DA:8,3
DA:9,3
DA:11,3
DA:12,3
DA:14,3
LF:11
LH:11
BRDA:11,0,0,3
BRDA:11,0,1,3
BRF:2
BRH:2
end_of_record
TN:
SF:middleware/admin.js
FN:1,admin
FNF:1
FNH:0
FNDA:0,admin
DA:5,0
DA:7,0
DA:10,3
LF:3
LH:1
BRDA:5,0,0,0
BRDA:5,0,1,0
BRF:2
BRH:0
end_of_record
TN:
SF:middleware/auth.js
FN:6,auth
FNF:1
FNH:1
FNDA:9,auth
DA:1,4
DA:2,4
DA:7,9
DA:8,9
DA:10,7
DA:11,7
DA:12,6
DA:13,6
DA:16,1
DA:20,4
LF:10
LH:10
BRDA:8,0,0,2
BRDA:8,0,1,7
BRF:2
BRH:2
end_of_record
TN:
SF:middleware/error.js
FN:12,error
FNF:1
FNH:0
FNDA:0,error
DA:1,3
DA:3,3
DA:13,0
DA:23,0
DA:26,3
LF:5
LH:3
BRF:0
BRH:0
end_of_record
TN:
SF:middleware/validateObjectId.js
FN:3,(anonymous_0)
FNF:1
FNH:1
FNDA:3,(anonymous_0)
DA:1,3
DA:3,3
DA:4,3
DA:5,1
DA:7,2
LF:5
LH:5
BRDA:4,0,0,1
BRDA:4,0,1,2
BRF:2
BRH:2
end_of_record
TN:
SF:models/customer.js
FN:24,validateCustomer
FNF:1
FNH:0
FNDA:0,validateCustomer
DA:1,3
DA:2,3
DA:5,3
DA:25,0
DA:30,0
DA:35,3
DA:36,3
LF:7
LH:5
BRF:0
BRH:0
end_of_record
TN:
SF:models/genre.js
FN:16,validateGenre
FNF:1
FNH:1
FNDA:5,validateGenre
DA:1,3
DA:2,3
DA:4,3
DA:13,3
DA:17,5
DA:20,5
DA:25,3
DA:26,3
DA:27,3
LF:9
LH:9
BRF:0
BRH:0
end_of_record
TN:
SF:models/movie.js
FN:31,validateMovie
FNF:1
FNH:0
FNDA:0,validateMovie
DA:1,3
DA:2,3
DA:3,3
DA:5,3
DA:32,0
DA:38,0
DA:45,3
DA:46,3
LF:8
LH:6
BRF:0
BRH:0
end_of_record
TN:
SF:models/rental.js
FN:59,validateRental
FNF:1
FNH:0
FNDA:0,validateRental
DA:1,3
DA:2,3
DA:5,3
DA:60,0
DA:64,0
DA:69,3
DA:70,3
LF:7
LH:5
BRF:0
BRH:0
end_of_record
TN:
SF:models/user.js
FN:30,(anonymous_0)
FN:39,validateUser
FNF:2
FNH:1
FNDA:10,(anonymous_0)
FNDA:0,validateUser
DA:1,5
DA:2,5
DA:3,5
DA:4,5
DA:6,5
DA:30,5
DA:31,10
DA:32,10
DA:35,5
DA:40,0
DA:46,0
DA:51,5
DA:52,5
LF:13
LH:11
BRF:0
BRH:0
end_of_record
TN:
SF:routes/auth.js
FN:12,(anonymous_0)
FN:27,validate
FNF:2
FNH:0
FNDA:0,(anonymous_0)
FNDA:0,validate
DA:1,3
DA:2,3
DA:3,3
DA:4,3
DA:5,3
DA:6,3
DA:7,3
DA:8,3
DA:9,3
DA:12,3
DA:13,0
DA:14,0
DA:16,0
DA:17,0
DA:19,0
DA:20,0
DA:22,0
DA:23,0
DA:28,0
DA:33,0
DA:37,3
LF:21
LH:11
BRDA:14,0,0,0
BRDA:14,0,1,0
BRDA:17,1,0,0
BRDA:17,1,1,0
BRDA:20,2,0,0
BRDA:20,2,1,0
BRF:6
BRH:0
end_of_record
TN:
SF:routes/customers.js
FN:8,(anonymous_0)
FN:13,(anonymous_1)
FN:19,(anonymous_2)
FN:33,(anonymous_3)
FN:46,(anonymous_4)
FNF:5
FNH:0
FNDA:0,(anonymous_0)
FNDA:0,(anonymous_1)
FNDA:0,(anonymous_2)
FNDA:0,(anonymous_3)
FNDA:0,(anonymous_4)
DA:1,3
DA:2,3
DA:3,3
DA:4,3
DA:8,3
DA:9,0
DA:10,0
DA:13,3
DA:14,0
DA:15,0
DA:16,0
DA:19,3
DA:20,0
DA:21,0
DA:23,0
DA:28,0
DA:30,0
DA:33,3
DA:34,0
DA:35,0
DA:36,0
DA:40,0
DA:43,0
DA:46,3
DA:48,0
DA:50,0
DA:52,0
DA:56,3
LF:28
LH:10
BRDA:15,0,0,0
BRDA:15,0,1,0
BRDA:21,1,0,0
BRDA:21,1,1,0
BRDA:35,2,0,0
BRDA:35,2,1,0
BRDA:40,3,0,0
BRDA:40,3,1,0
BRDA:50,4,0,0
BRDA:50,4,1,0
BRF:10
BRH:0
end_of_record
TN:
SF:routes/genres.js
FN:13,(anonymous_0)
FN:27,(anonymous_1)
FN:35,(anonymous_2)
FN:46,(anonymous_3)
FN:59,(anonymous_4)
FNF:5
FNH:3
FNDA:1,(anonymous_0)
FNDA:2,(anonymous_1)
FNDA:5,(anonymous_2)
FNDA:0,(anonymous_3)
FNDA:0,(anonymous_4)
DA:2,3
DA:3,3
DA:4,3
DA:5,3
DA:6,3
DA:7,3
DA:8,3
DA:13,3
DA:14,1
DA:15,1
DA:27,3
DA:28,2
DA:30,2
DA:32,1
DA:35,3
DA:37,5
DA:38,5
DA:40,3
DA:41,3
DA:43,3
DA:46,3
DA:47,0
DA:48,0
DA:49,0
DA:53,0
DA:56,0
DA:59,3
DA:61,0
DA:63,0
DA:65,0
DA:69,3
LF:31
LH:23
BRDA:30,0,0,1
BRDA:30,0,1,1
BRDA:38,1,0,2
BRDA:38,1,1,3
BRDA:48,2,0,0
BRDA:48,2,1,0
BRDA:53,3,0,0
BRDA:53,3,1,0
BRDA:63,4,0,0
BRDA:63,4,1,0
BRF:10
BRH:4
end_of_record
TN:
SF:routes/movies.js
FN:9,(anonymous_0)
FN:14,(anonymous_1)
FN:20,(anonymous_2)
FN:41,(anonymous_3)
FN:64,(anonymous_4)
FNF:5
FNH:0
FNDA:0,(anonymous_0)
FNDA:0,(anonymous_1)
FNDA:0,(anonymous_2)
FNDA:0,(anonymous_3)
FNDA:0,(anonymous_4)
DA:1,3
DA:2,3
DA:3,3
DA:4,3
DA:5,3
DA:9,3
DA:10,0
DA:11,0
DA:14,3
DA:15,0
DA:16,0
DA:17,0
DA:20,3
DA:21,0
DA:22,0
DA:24,0
DA:25,0
DA:27,0
DA:36,0
DA:38,0
DA:41,3
DA:42,0
DA:43,0
DA:45,0
DA:46,0
DA:48,0
DA:58,0
DA:61,0
DA:64,3
DA:66,0
DA:68,0
DA:70,0
DA:74,3
LF:33
LH:11
BRDA:16,0,0,0
BRDA:16,0,1,0
BRDA:22,1,0,0
BRDA:22,1,1,0
BRDA:25,2,0,0
BRDA:25,2,1,0
BRDA:43,3,0,0
BRDA:43,3,1,0
BRDA:46,4,0,0
BRDA:46,4,1,0
BRDA:58,5,0,0
BRDA:58,5,1,0
BRDA:68,6,0,0
BRDA:68,6,1,0
BRF:14
BRH:0
end_of_record
TN:
SF:routes/rentals.js
FN:10,(anonymous_0)
FN:16,(anonymous_1)
FNF:2
FNH:0
FNDA:0,(anonymous_0)
FNDA:0,(anonymous_1)
DA:2,3
DA:3,3
DA:4,3
DA:5,3
DA:6,3
DA:10,3
DA:11,0
DA:12,0
DA:16,3
DA:17,0
DA:18,0
DA:20,0
DA:21,0
DA:23,0
DA:24,0
DA:26,0
DA:28,0
DA:40,0
DA:42,0
DA:43,0
DA:45,0
DA:50,3
LF:22
LH:8
BRDA:18,0,0,0
BRDA:18,0,1,0
BRDA:21,1,0,0
BRDA:21,1,1,0
BRDA:24,2,0,0
BRDA:24,2,1,0
BRDA:26,3,0,0
BRDA:26,3,1,0
BRF:8
BRH:0
end_of_record
TN:
SF:routes/returns.js
FN:6,(anonymous_0)
FNF:1
FNH:0
FNDA:0,(anonymous_0)
DA:1,3
DA:2,3
DA:3,3
DA:6,3
DA:7,0
DA:10,3
LF:6
LH:5
BRF:0
BRH:0
end_of_record
TN:
SF:routes/users.js
FN:9,(anonymous_0)
FN:14,(anonymous_1)
FNF:2
FNH:0
FNDA:0,(anonymous_0)
FNDA:0,(anonymous_1)
DA:1,3
DA:2,3
DA:3,3
DA:4,3
DA:5,3
DA:6,3
DA:7,3
DA:9,3
DA:10,0
DA:11,0
DA:14,3
DA:15,0
DA:16,0
DA:18,0
DA:19,0
DA:26,0
DA:27,0
DA:28,0
DA:29,0
DA:36,0
DA:37,0
DA:41,3
LF:22
LH:10
BRDA:16,0,0,0
BRDA:16,0,1,0
BRDA:19,1,0,0
BRDA:19,1,1,0
BRF:4
BRH:0
end_of_record
TN:
SF:startup/config.js
FN:3,(anonymous_0)
FNF:1
FNH:1
FNDA:3,(anonymous_0)
DA:1,3
DA:3,3
DA:4,3
DA:5,0
LF:4
LH:3
BRDA:4,0,0,0
BRDA:4,0,1,3
BRF:2
BRH:1
end_of_record
TN:
SF:startup/db.js
FN:6,(anonymous_0)
FN:10,(anonymous_1)
FNF:2
FNH:2
FNDA:3,(anonymous_0)
FNDA:3,(anonymous_1)
DA:1,3
DA:2,3
DA:3,3
DA:6,3
DA:7,3
DA:8,3
DA:10,3
LF:7
LH:7
BRF:0
BRH:0
end_of_record
TN:
SF:startup/logging.js
FN:6,(anonymous_0)
FN:22,(anonymous_1)
FN:27,(anonymous_2)
FNF:3
FNH:1
FNDA:3,(anonymous_0)
FNDA:0,(anonymous_1)
FNDA:0,(anonymous_2)
DA:1,3
DA:2,3
DA:3,3
DA:6,3
DA:8,3
DA:18,3
DA:22,3
DA:23,0
DA:24,0
DA:27,3
DA:30,0
LF:11
LH:8
BRF:0
BRH:0
end_of_record
TN:
SF:startup/routes.js
FN:12,(anonymous_0)
FNF:1
FNH:1
FNDA:3,(anonymous_0)
DA:1,3
DA:2,3
DA:3,3
DA:4,3
DA:5,3
DA:6,3
DA:7,3
DA:8,3
DA:9,3
DA:12,3
DA:13,3
DA:14,3
DA:15,3
DA:16,3
DA:17,3
DA:18,3
DA:19,3
DA:20,3
DA:21,3
LF:19
LH:19
BRF:0
BRH:0
end_of_record
TN:
SF:startup/validation.js
FN:5,(anonymous_0)
FNF:1
FNH:1
FNDA:3,(anonymous_0)
DA:1,3
DA:2,3
DA:5,3
LF:3
LH:3
BRF:0
BRH:0
end_of_record
